This file contains any messages produced by compilers while
running configure, to aid debugging if configure makes a mistake.

It was created by distapp configure 0.1.1, which was
generated by GNU Autoconf 2.69.  Invocation command line was

  $ ./configure 

## --------- ##
## Platform. ##
## --------- ##

hostname = pc-HCL-Desktop
uname -m = x86_64
uname -r = 3.0.0-32-generic
uname -s = Linux
uname -v = #51-Ubuntu SMP Thu Mar 21 15:50:59 UTC 2013

/usr/bin/uname -p = unknown
/bin/uname -X     = unknown

/bin/arch              = unknown
/usr/bin/arch -k       = unknown
/usr/convex/getsysinfo = unknown
/usr/bin/hostinfo      = unknown
/bin/machine           = unknown
/usr/bin/oslevel       = unknown
/bin/universe          = unknown

PATH: /usr/lib/lightdm/lightdm
PATH: /usr/local/sbin
PATH: /usr/local/bin
PATH: /usr/sbin
PATH: /usr/bin
PATH: /sbin
PATH: /bin
PATH: /usr/games


## ----------- ##
## Core tests. ##
## ----------- ##

configure:2176: checking for a BSD-compatible install
configure:2244: result: /usr/bin/install -c
configure:2255: checking whether build environment is sane
configure:2305: result: yes
configure:2446: checking for a thread-safe mkdir -p
configure:2485: result: /bin/mkdir -p
configure:2498: checking for gawk
configure:2528: result: no
configure:2498: checking for mawk
configure:2514: found /usr/bin/mawk
configure:2525: result: mawk
configure:2536: checking whether make sets $(MAKE)
configure:2558: result: yes
configure:2650: checking whether make supports nested variables
configure:2667: result: yes
configure:2727: checking for gcc
configure:2743: found /usr/bin/gcc
configure:2754: result: gcc
configure:2983: checking for C compiler version
configure:2992: gcc --version >&5
gcc (Ubuntu/Linaro 4.6.1-9ubuntu3) 4.6.1
Copyright (C) 2011 Free Software Foundation, Inc.
This is free software; see the source for copying conditions.  There is NO
warranty; not even for MERCHANTABILITY or FITNESS FOR A PARTICULAR PURPOSE.

configure:3003: $? = 0
configure:2992: gcc -v >&5
Using built-in specs.
COLLECT_GCC=gcc
COLLECT_LTO_WRAPPER=/usr/lib/gcc/x86_64-linux-gnu/4.6.1/lto-wrapper
Target: x86_64-linux-gnu
Configured with: ../src/configure -v --with-pkgversion='Ubuntu/Linaro 4.6.1-9ubuntu3' --with-bugurl=file:///usr/share/doc/gcc-4.6/README.Bugs --enable-languages=c,c++,fortran,objc,obj-c++,go --prefix=/usr --program-suffix=-4.6 --enable-shared --enable-linker-build-id --with-system-zlib --libexecdir=/usr/lib --without-included-gettext --enable-threads=posix --with-gxx-include-dir=/usr/include/c++/4.6 --libdir=/usr/lib --enable-nls --with-sysroot=/ --enable-clocale=gnu --enable-libstdcxx-debug --enable-libstdcxx-time=yes --enable-plugin --enable-objc-gc --disable-werror --with-arch-32=i686 --with-tune=generic --enable-checking=release --build=x86_64-linux-gnu --host=x86_64-linux-gnu --target=x86_64-linux-gnu
Thread model: posix
gcc version 4.6.1 (Ubuntu/Linaro 4.6.1-9ubuntu3) 
configure:3003: $? = 0
configure:2992: gcc -V >&5
gcc: error: unrecognized option '-V'
gcc: fatal error: no input files
compilation terminated.
configure:3003: $? = 4
configure:2992: gcc -qversion >&5
gcc: error: unrecognized option '-qversion'
gcc: fatal error: no input files
compilation terminated.
configure:3003: $? = 4
configure:3023: checking whether the C compiler works
configure:3045: gcc    conftest.c  >&5
configure:3049: $? = 0
configure:3097: result: yes
configure:3100: checking for C compiler default output file name
configure:3102: result: a.out
configure:3108: checking for suffix of executables
configure:3115: gcc -o conftest    conftest.c  >&5
configure:3119: $? = 0
configure:3141: result: 
configure:3163: checking whether we are cross compiling
configure:3171: gcc -o conftest    conftest.c  >&5
configure:3175: $? = 0
configure:3182: ./conftest
configure:3186: $? = 0
configure:3201: result: no
configure:3206: checking for suffix of object files
configure:3228: gcc -c   conftest.c >&5
configure:3232: $? = 0
configure:3253: result: o
configure:3257: checking whether we are using the GNU C compiler
configure:3276: gcc -c   conftest.c >&5
configure:3276: $? = 0
configure:3285: result: yes
configure:3294: checking whether gcc accepts -g
configure:3314: gcc -c -g  conftest.c >&5
configure:3314: $? = 0
configure:3355: result: yes
configure:3372: checking for gcc option to accept ISO C89
configure:3435: gcc  -c -g -O2  conftest.c >&5
configure:3435: $? = 0
configure:3448: result: none needed
configure:3479: checking for style of include used by make
configure:3507: result: GNU
configure:3533: checking dependency style of gcc
configure:3644: result: gcc3
configure:3694: checking build system type
configure:3708: result: x86_64-unknown-linux-gnu
configure:3728: checking host system type
configure:3741: result: x86_64-unknown-linux-gnu
configure:3782: checking how to print strings
configure:3809: result: printf
configure:3830: checking for a sed that does not truncate output
configure:3894: result: /bin/sed
configure:3912: checking for grep that handles long lines and -e
configure:3970: result: /bin/grep
configure:3975: checking for egrep
configure:4037: result: /bin/grep -E
configure:4042: checking for fgrep
configure:4104: result: /bin/grep -F
configure:4139: checking for ld used by gcc
configure:4206: result: /usr/bin/ld
configure:4213: checking if the linker (/usr/bin/ld) is GNU ld
configure:4228: result: yes
configure:4240: checking for BSD- or MS-compatible name lister (nm)
configure:4289: result: /usr/bin/nm -B
configure:4419: checking the name lister (/usr/bin/nm -B) interface
configure:4426: gcc -c -g -O2  conftest.c >&5
configure:4429: /usr/bin/nm -B "conftest.o"
configure:4432: output
0000000000000000 B some_variable
configure:4439: result: BSD nm
configure:4442: checking whether ln -s works
configure:4446: result: yes
configure:4454: checking the maximum length of command line arguments
configure:4584: result: 1572864
configure:4601: checking whether the shell understands some XSI constructs
configure:4611: result: yes
configure:4615: checking whether the shell understands "+="
configure:4621: result: yes
configure:4656: checking how to convert x86_64-unknown-linux-gnu file names to x86_64-unknown-linux-gnu format
configure:4696: result: func_convert_file_noop
configure:4703: checking how to convert x86_64-unknown-linux-gnu file names to toolchain format
configure:4723: result: func_convert_file_noop
configure:4730: checking for /usr/bin/ld option to reload object files
configure:4737: result: -r
configure:4811: checking for objdump
configure:4827: found /usr/bin/objdump
configure:4838: result: objdump
configure:4870: checking how to recognize dependent libraries
configure:5072: result: pass_all
configure:5157: checking for dlltool
configure:5187: result: no
configure:5217: checking how to associate runtime and link libraries
configure:5244: result: printf %s\n
configure:5305: checking for ar
configure:5321: found /usr/bin/ar
configure:5332: result: ar
configure:5369: checking for archiver @FILE support
configure:5386: gcc -c -g -O2  conftest.c >&5
configure:5386: $? = 0
configure:5389: ar cru libconftest.a @conftest.lst >&5
configure:5392: $? = 0
configure:5397: ar cru libconftest.a @conftest.lst >&5
ar: conftest.o: No such file or directory
configure:5400: $? = 1
configure:5412: result: @
configure:5470: checking for strip
configure:5486: found /usr/bin/strip
configure:5497: result: strip
configure:5569: checking for ranlib
configure:5585: found /usr/bin/ranlib
configure:5596: result: ranlib
configure:5698: checking command to parse /usr/bin/nm -B output from gcc object
configure:5818: gcc -c -g -O2  conftest.c >&5
configure:5821: $? = 0
configure:5825: /usr/bin/nm -B conftest.o \| sed -n -e 's/^.*[ ]\([ABCDGIRSTW][ABCDGIRSTW]*\)[ ][ ]*\([_A-Za-z][_A-Za-z0-9]*\)$/\1 \2 \2/p' | sed '/ __gnu_lto/d' \> conftest.nm
configure:5828: $? = 0
configure:5894: gcc -o conftest -g -O2   conftest.c conftstm.o >&5
configure:5897: $? = 0
configure:5935: result: ok
configure:5972: checking for sysroot
configure:6002: result: no
configure:6079: gcc -c -g -O2  conftest.c >&5
configure:6082: $? = 0
configure:6258: checking for mt
configure:6274: found /bin/mt
configure:6285: result: mt
configure:6308: checking if mt is a manifest tool
configure:6314: mt '-?'
configure:6322: result: no
configure:6964: checking how to run the C preprocessor
configure:6995: gcc -E  conftest.c
configure:6995: $? = 0
configure:7009: gcc -E  conftest.c
conftest.c:11:28: fatal error: ac_nonexistent.h: No such file or directory
compilation terminated.
configure:7009: $? = 1
configure: failed program was:
| /* confdefs.h */
| #define PACKAGE_NAME "distapp"
| #define PACKAGE_TARNAME "distapp"
| #define PACKAGE_VERSION "0.1.1"
| #define PACKAGE_STRING "distapp 0.1.1"
| #define PACKAGE_BUGREPORT ""
| #define PACKAGE_URL ""
| #define PACKAGE "distapp"
| #define VERSION "0.1.1"
| /* end confdefs.h.  */
| #include <ac_nonexistent.h>
configure:7034: result: gcc -E
configure:7054: gcc -E  conftest.c
configure:7054: $? = 0
configure:7068: gcc -E  conftest.c
conftest.c:11:28: fatal error: ac_nonexistent.h: No such file or directory
compilation terminated.
configure:7068: $? = 1
configure: failed program was:
| /* confdefs.h */
| #define PACKAGE_NAME "distapp"
| #define PACKAGE_TARNAME "distapp"
| #define PACKAGE_VERSION "0.1.1"
| #define PACKAGE_STRING "distapp 0.1.1"
| #define PACKAGE_BUGREPORT ""
| #define PACKAGE_URL ""
| #define PACKAGE "distapp"
| #define VERSION "0.1.1"
| /* end confdefs.h.  */
| #include <ac_nonexistent.h>
configure:7097: checking for ANSI C header files
configure:7117: gcc -c -g -O2  conftest.c >&5
configure:7117: $? = 0
configure:7190: gcc -o conftest -g -O2   conftest.c  >&5
configure:7190: $? = 0
configure:7190: ./conftest
configure:7190: $? = 0
configure:7201: result: yes
configure:7214: checking for sys/types.h
configure:7214: gcc -c -g -O2  conftest.c >&5
configure:7214: $? = 0
configure:7214: result: yes
configure:7214: checking for sys/stat.h
configure:7214: gcc -c -g -O2  conftest.c >&5
configure:7214: $? = 0
configure:7214: result: yes
configure:7214: checking for stdlib.h
configure:7214: gcc -c -g -O2  conftest.c >&5
configure:7214: $? = 0
configure:7214: result: yes
configure:7214: checking for string.h
configure:7214: gcc -c -g -O2  conftest.c >&5
configure:7214: $? = 0
configure:7214: result: yes
configure:7214: checking for memory.h
configure:7214: gcc -c -g -O2  conftest.c >&5
configure:7214: $? = 0
configure:7214: result: yes
configure:7214: checking for strings.h
configure:7214: gcc -c -g -O2  conftest.c >&5
configure:7214: $? = 0
configure:7214: result: yes
configure:7214: checking for inttypes.h
configure:7214: gcc -c -g -O2  conftest.c >&5
configure:7214: $? = 0
configure:7214: result: yes
configure:7214: checking for stdint.h
configure:7214: gcc -c -g -O2  conftest.c >&5
configure:7214: $? = 0
configure:7214: result: yes
configure:7214: checking for unistd.h
configure:7214: gcc -c -g -O2  conftest.c >&5
configure:7214: $? = 0
configure:7214: result: yes
configure:7228: checking for dlfcn.h
configure:7228: gcc -c -g -O2  conftest.c >&5
configure:7228: $? = 0
configure:7228: result: yes
configure:7434: checking for objdir
configure:7449: result: .libs
configure:7716: checking if gcc supports -fno-rtti -fno-exceptions
configure:7734: gcc -c -g -O2  -fno-rtti -fno-exceptions conftest.c >&5
cc1: warning: command line option '-fno-rtti' is valid for C++/ObjC++ but not for C [enabled by default]
configure:7738: $? = 0
configure:7751: result: no
configure:8078: checking for gcc option to produce PIC
configure:8085: result: -fPIC -DPIC
configure:8093: checking if gcc PIC flag -fPIC -DPIC works
configure:8111: gcc -c -g -O2  -fPIC -DPIC -DPIC conftest.c >&5
configure:8115: $? = 0
configure:8128: result: yes
configure:8157: checking if gcc static flag -static works
configure:8185: result: yes
configure:8200: checking if gcc supports -c -o file.o
configure:8221: gcc -c -g -O2  -o out/conftest2.o conftest.c >&5
configure:8225: $? = 0
configure:8247: result: yes
configure:8255: checking if gcc supports -c -o file.o
configure:8302: result: yes
configure:8335: checking whether the gcc linker (/usr/bin/ld -m elf_x86_64) supports shared libraries
configure:9492: result: yes
configure:9529: checking whether -lc should be explicitly linked in
configure:9537: gcc -c -g -O2  conftest.c >&5
configure:9540: $? = 0
configure:9555: gcc -shared  -fPIC -DPIC conftest.o  -v -Wl,-soname -Wl,conftest -o conftest 2\>\&1 \| /bin/grep  -lc  \>/dev/null 2\>\&1
configure:9558: $? = 0
configure:9572: result: no
configure:9732: checking dynamic linker characteristics
configure:10243: gcc -o conftest -g -O2   -Wl,-rpath -Wl,/foo conftest.c  >&5
configure:10243: $? = 0
configure:10477: result: GNU/Linux ld.so
configure:10584: checking how to hardcode library paths into programs
configure:10609: result: immediate
configure:11149: checking whether stripping libraries is possible
configure:11154: result: yes
configure:11189: checking if libtool supports shared libraries
configure:11191: result: yes
configure:11194: checking whether to build shared libraries
configure:11215: result: yes
configure:11218: checking whether to build static libraries
configure:11222: result: yes
configure:11316: checking for pkg-config
configure:11334: found /usr/bin/pkg-config
configure:11346: result: /usr/bin/pkg-config
configure:11371: checking pkg-config is at least version 0.9.0
configure:11374: result: yes
configure:11384: checking for DISTAPP
configure:11392: $PKG_CONFIG --exists --print-errors "glib-2.0
gtk+-3.0 >= 2.90.3 "
configure:11396: $? = 0
configure:11412: $PKG_CONFIG --exists --print-errors "glib-2.0
gtk+-3.0 >= 2.90.3 "
configure:11416: $? = 0
configure:11478: result: yes
configure:11618: creating ./config.status

## ---------------------- ##
## Running config.status. ##
## ---------------------- ##

This file was extended by distapp config.status 0.1.1, which was
generated by GNU Autoconf 2.69.  Invocation command line was

  CONFIG_FILES    = 
  CONFIG_HEADERS  = 
  CONFIG_LINKS    = 
  CONFIG_COMMANDS = 
  $ ./config.status 

on pc-HCL-Desktop

config.status:1089: creating Makefile
config.status:1089: creating src/Makefile
config.status:1089: creating config.h
config.status:1270: config.h is unchanged
config.status:1318: executing depfiles commands
config.status:1318: executing libtool commands

## ---------------- ##
## Cache variables. ##
## ---------------- ##

ac_cv_build=x86_64-unknown-linux-gnu
ac_cv_c_compiler_gnu=yes
ac_cv_env_CC_set=
ac_cv_env_CC_value=
ac_cv_env_CFLAGS_set=
ac_cv_env_CFLAGS_value=
ac_cv_env_CPPFLAGS_set=
ac_cv_env_CPPFLAGS_value=
ac_cv_env_CPP_set=
ac_cv_env_CPP_value=
ac_cv_env_DISTAPP_CFLAGS_set=
ac_cv_env_DISTAPP_CFLAGS_value=
ac_cv_env_DISTAPP_LIBS_set=
ac_cv_env_DISTAPP_LIBS_value=
ac_cv_env_LDFLAGS_set=
ac_cv_env_LDFLAGS_value=
ac_cv_env_LIBS_set=
ac_cv_env_LIBS_value=
ac_cv_env_PKG_CONFIG_LIBDIR_set=
ac_cv_env_PKG_CONFIG_LIBDIR_value=
ac_cv_env_PKG_CONFIG_PATH_set=
ac_cv_env_PKG_CONFIG_PATH_value=
ac_cv_env_PKG_CONFIG_set=
ac_cv_env_PKG_CONFIG_value=
ac_cv_env_build_alias_set=
ac_cv_env_build_alias_value=
ac_cv_env_host_alias_set=
ac_cv_env_host_alias_value=
ac_cv_env_target_alias_set=
ac_cv_env_target_alias_value=
ac_cv_header_dlfcn_h=yes
ac_cv_header_inttypes_h=yes
ac_cv_header_memory_h=yes
ac_cv_header_stdc=yes
ac_cv_header_stdint_h=yes
ac_cv_header_stdlib_h=yes
ac_cv_header_string_h=yes
ac_cv_header_strings_h=yes
ac_cv_header_sys_stat_h=yes
ac_cv_header_sys_types_h=yes
ac_cv_header_unistd_h=yes
ac_cv_host=x86_64-unknown-linux-gnu
ac_cv_objext=o
ac_cv_path_EGREP='/bin/grep -E'
ac_cv_path_FGREP='/bin/grep -F'
ac_cv_path_GREP=/bin/grep
ac_cv_path_SED=/bin/sed
ac_cv_path_ac_pt_PKG_CONFIG=/usr/bin/pkg-config
ac_cv_path_install='/usr/bin/install -c'
ac_cv_path_mkdir=/bin/mkdir
ac_cv_prog_AWK=mawk
ac_cv_prog_CPP='gcc -E'
ac_cv_prog_ac_ct_AR=ar
ac_cv_prog_ac_ct_CC=gcc
ac_cv_prog_ac_ct_MANIFEST_TOOL=mt
ac_cv_prog_ac_ct_OBJDUMP=objdump
ac_cv_prog_ac_ct_RANLIB=ranlib
ac_cv_prog_ac_ct_STRIP=strip
ac_cv_prog_cc_c89=
ac_cv_prog_cc_g=yes
ac_cv_prog_make_make_set=yes
am_cv_CC_dependencies_compiler_type=gcc3
am_cv_make_support_nested_variables=yes
lt_cv_ar_at_file=@
lt_cv_archive_cmds_need_lc=no
lt_cv_deplibs_check_method=pass_all
lt_cv_file_magic_cmd='$MAGIC_CMD'
lt_cv_file_magic_test_file=
lt_cv_ld_reload_flag=-r
lt_cv_nm_interface='BSD nm'
lt_cv_objdir=.libs
lt_cv_path_LD=/usr/bin/ld
lt_cv_path_NM='/usr/bin/nm -B'
lt_cv_path_mainfest_tool=no
lt_cv_prog_compiler_c_o=yes
lt_cv_prog_compiler_pic='-fPIC -DPIC'
lt_cv_prog_compiler_pic_works=yes
lt_cv_prog_compiler_rtti_exceptions=no
lt_cv_prog_compiler_static_works=yes
lt_cv_prog_gnu_ld=yes
lt_cv_sharedlib_from_linklib_cmd='printf %s\n'
lt_cv_shlibpath_overrides_runpath=no
lt_cv_sys_global_symbol_pipe='sed -n -e '\''s/^.*[	 ]\([ABCDGIRSTW][ABCDGIRSTW]*\)[	 ][	 ]*\([_A-Za-z][_A-Za-z0-9]*\)$/\1 \2 \2/p'\'' | sed '\''/ __gnu_lto/d'\'''
lt_cv_sys_global_symbol_to_c_name_address='sed -n -e '\''s/^: \([^ ]*\)[ ]*$/  {\"\1\", (void *) 0},/p'\'' -e '\''s/^[ABCDGIRSTW]* \([^ ]*\) \([^ ]*\)$/  {"\2", (void *) \&\2},/p'\'''
lt_cv_sys_global_symbol_to_c_name_address_lib_prefix='sed -n -e '\''s/^: \([^ ]*\)[ ]*$/  {\"\1\", (void *) 0},/p'\'' -e '\''s/^[ABCDGIRSTW]* \([^ ]*\) \(lib[^ ]*\)$/  {"\2", (void *) \&\2},/p'\'' -e '\''s/^[ABCDGIRSTW]* \([^ ]*\) \([^ ]*\)$/  {"lib\2", (void *) \&\2},/p'\'''
lt_cv_sys_global_symbol_to_cdecl='sed -n -e '\''s/^T .* \(.*\)$/extern int \1();/p'\'' -e '\''s/^[ABCDGIRSTW]* .* \(.*\)$/extern char \1;/p'\'''
lt_cv_sys_max_cmd_len=1572864
lt_cv_to_host_file_cmd=func_convert_file_noop
lt_cv_to_tool_file_cmd=func_convert_file_noop
pkg_cv_DISTAPP_CFLAGS='-pthread -DGSEAL_ENABLE -I/usr/include/glib-2.0 -I/usr/lib/x86_64-linux-gnu/glib-2.0/include -I/usr/include/atk-1.0 -I/usr/include/cairo -I/usr/include/gdk-pixbuf-2.0 -I/usr/include/pango-1.0 -I/usr/include/gio-unix-2.0/ -I/usr/include/pixman-1 -I/usr/include/freetype2 -I/usr/include/libpng12 -I/usr/include/gtk-3.0  '
pkg_cv_DISTAPP_LIBS='-pthread -lgtk-3 -lgdk-3 -latk-1.0 -lcairo-gobject -lgio-2.0 -lpangoft2-1.0 -lpangocairo-1.0 -lgdk_pixbuf-2.0 -lcairo -lpango-1.0 -lfreetype -lfontconfig -lgobject-2.0 -lgmodule-2.0 -lgthread-2.0 -lrt -lglib-2.0  '

## ----------------- ##
## Output variables. ##
## ----------------- ##

ACLOCAL='${SHELL} /home/pc/Documents/distapp_test_sV13_topc/missing --run aclocal-1.11'
AMDEPBACKSLASH='\'
AMDEP_FALSE='#'
AMDEP_TRUE=''
AMTAR='$${TAR-tar}'
AM_BACKSLASH='\'
AM_DEFAULT_V='$(AM_DEFAULT_VERBOSITY)'
AM_DEFAULT_VERBOSITY='0'
AM_V='$(V)'
AR='ar'
AUTOCONF='${SHELL} /home/pc/Documents/distapp_test_sV13_topc/missing --run autoconf'
AUTOHEADER='${SHELL} /home/pc/Documents/distapp_test_sV13_topc/missing --run autoheader'
AUTOMAKE='${SHELL} /home/pc/Documents/distapp_test_sV13_topc/missing --run automake-1.11'
AWK='mawk'
CC='gcc'
CCDEPMODE='depmode=gcc3'
CFLAGS='-g -O2'
CPP='gcc -E'
CPPFLAGS=''
CYGPATH_W='echo'
DEFS='-DHAVE_CONFIG_H'
DEPDIR='.deps'
DISTAPP_CFLAGS='-pthread -DGSEAL_ENABLE -I/usr/include/glib-2.0 -I/usr/lib/x86_64-linux-gnu/glib-2.0/include -I/usr/include/atk-1.0 -I/usr/include/cairo -I/usr/include/gdk-pixbuf-2.0 -I/usr/include/pango-1.0 -I/usr/include/gio-unix-2.0/ -I/usr/include/pixman-1 -I/usr/include/freetype2 -I/usr/include/libpng12 -I/usr/include/gtk-3.0  '
DISTAPP_LIBS='-pthread -lgtk-3 -lgdk-3 -latk-1.0 -lcairo-gobject -lgio-2.0 -lpangoft2-1.0 -lpangocairo-1.0 -lgdk_pixbuf-2.0 -lcairo -lpango-1.0 -lfreetype -lfontconfig -lgobject-2.0 -lgmodule-2.0 -lgthread-2.0 -lrt -lglib-2.0  '
DLLTOOL='false'
DSYMUTIL=''
DUMPBIN=''
ECHO_C=''
ECHO_N='-n'
ECHO_T=''
EGREP='/bin/grep -E'
EXEEXT=''
FGREP='/bin/grep -F'
GREP='/bin/grep'
INSTALL_DATA='${INSTALL} -m 644'
INSTALL_PROGRAM='${INSTALL}'
INSTALL_SCRIPT='${INSTALL}'
INSTALL_STRIP_PROGRAM='$(install_sh) -c -s'
LD='/usr/bin/ld -m elf_x86_64'
LDFLAGS=''
LIBOBJS=''
LIBS=''
LIBTOOL='$(SHELL) $(top_builddir)/libtool'
LIPO=''
LN_S='ln -s'
LTLIBOBJS=''
MAKEINFO='${SHELL} /home/pc/Documents/distapp_test_sV13_topc/missing --run makeinfo'
MANIFEST_TOOL=':'
MKDIR_P='/bin/mkdir -p'
NM='/usr/bin/nm -B'
NMEDIT=''
OBJDUMP='objdump'
OBJEXT='o'
OTOOL64=''
OTOOL=''
PACKAGE='distapp'
PACKAGE_BUGREPORT=''
PACKAGE_NAME='distapp'
PACKAGE_STRING='distapp 0.1.1'
PACKAGE_TARNAME='distapp'
PACKAGE_URL=''
PACKAGE_VERSION='0.1.1'
PATH_SEPARATOR=':'
PKG_CONFIG='/usr/bin/pkg-config'
PKG_CONFIG_LIBDIR=''
PKG_CONFIG_PATH=''
RANLIB='ranlib'
SED='/bin/sed'
SET_MAKE=''
SHELL='/bin/bash'
STRIP='strip'
VERSION='0.1.1'
ac_ct_AR='ar'
ac_ct_CC='gcc'
ac_ct_DUMPBIN=''
am__EXEEXT_FALSE=''
am__EXEEXT_TRUE='#'
am__fastdepCC_FALSE='#'
am__fastdepCC_TRUE=''
am__include='include'
am__isrc=''
am__leading_dot='.'
am__nodep='_no'
am__quote=''
am__tar='$${TAR-tar} chof - "$$tardir"'
am__untar='$${TAR-tar} xf -'
bindir='${exec_prefix}/bin'
build='x86_64-unknown-linux-gnu'
build_alias=''
build_cpu='x86_64'
build_os='linux-gnu'
build_vendor='unknown'
datadir='${datarootdir}'
datarootdir='${prefix}/share'
docdir='${datarootdir}/doc/${PACKAGE_TARNAME}'
dvidir='${docdir}'
exec_prefix='${prefix}'
host='x86_64-unknown-linux-gnu'
host_alias=''
host_cpu='x86_64'
host_os='linux-gnu'
host_vendor='unknown'
htmldir='${docdir}'
includedir='${prefix}/include'
infodir='${datarootdir}/info'
install_sh='${SHELL} /home/pc/Documents/distapp_test_sV13_topc/install-sh'
libdir='${exec_prefix}/lib'
libexecdir='${exec_prefix}/libexec'
localedir='${datarootdir}/locale'
localstatedir='${prefix}/var'
mandir='${datarootdir}/man'
mkdir_p='/bin/mkdir -p'
oldincludedir='/usr/include'
pdfdir='${docdir}'
prefix='/usr/local'
program_transform_name='s,x,x,'
psdir='${docdir}'
sbindir='${exec_prefix}/sbin'
sharedstatedir='${prefix}/com'
sysconfdir='${prefix}/etc'
target_alias=''

## ----------- ##
## confdefs.h. ##
## ----------- ##

/* confdefs.h */
#define PACKAGE_NAME "distapp"
#define PACKAGE_TARNAME "distapp"
#define PACKAGE_VERSION "0.1.1"
#define PACKAGE_STRING "distapp 0.1.1"
#define PACKAGE_BUGREPORT ""
#define PACKAGE_URL ""
#define PACKAGE "distapp"
#define VERSION "0.1.1"
#define STDC_HEADERS 1
#define HAVE_SYS_TYPES_H 1
#define HAVE_SYS_STAT_H 1
#define HAVE_STDLIB_H 1
#define HAVE_STRING_H 1
#define HAVE_MEMORY_H 1
#define HAVE_STRINGS_H 1
#define HAVE_INTTYPES_H 1
#define HAVE_STDINT_H 1
#define HAVE_UNISTD_H 1
#define HAVE_DLFCN_H 1
#define LT_OBJDIR ".libs/"

configure: exit 0
